<?xml version="1.0" encoding="UTF-8"?>
<testng-results skipped="0" failed="0" ignored="0" total="2" passed="2">
  <reporter-output>
  </reporter-output>
  <suite name="com.qa.test.demo.TestDemo" duration-ms="57" started-at="2020-05-05T21:26:09 IST" finished-at="2020-05-05T21:26:09 IST">
    <groups>
    </groups>
    <test name="Command line test" duration-ms="57" started-at="2020-05-05T21:26:09 IST" finished-at="2020-05-05T21:26:09 IST">
      <class name="com.qa.test.demo.TestDemo">
        <test-method status="PASS" signature="mtd1()[pri:0, instance:com.qa.test.demo.TestDemo@42e26948]" name="mtd1" duration-ms="5" started-at="2020-05-05T21:26:09 IST" finished-at="2020-05-05T21:26:09 IST">
          <reporter-output>
          </reporter-output>
        </test-method> <!-- mtd1 -->
        <test-method status="PASS" signature="mtd2()[pri:0, instance:com.qa.test.demo.TestDemo@42e26948]" name="mtd2" duration-ms="1" started-at="2020-05-05T21:26:09 IST" finished-at="2020-05-05T21:26:09 IST">
          <reporter-output>
          </reporter-output>
        </test-method> <!-- mtd2 -->
      </class> <!-- com.qa.test.demo.TestDemo -->
    </test> <!-- Command line test -->
  </suite> <!-- com.qa.test.demo.TestDemo -->
</testng-results>
